  Building Custom Rule C:/Users/kyeou/AndroidStudioProjects/ExpenseTracker/app/src/main/cpp/headers/pdf/CMakeLists.txt
  example.cpp
C:\Users\kyeou\AndroidStudioProjects\ExpenseTracker\app\src\main\cpp\headers\pdf\example.cpp(142,4): warning C4267: 'initializing': conversion from 'size_t' to 'int', possible loss of data
C:\Users\kyeou\AndroidStudioProjects\ExpenseTracker\app\src\main\cpp\headers\pdf\example.cpp(450,7): warning C4267: 'initializing': conversion from 'size_t' to 'int', possible loss of data
  metrics.cpp
  pdf.cpp
C:\Users\kyeou\AndroidStudioProjects\ExpenseTracker\app\src\main\cpp\headers\pdf\pdf.cpp(89,25): warning C4267: 'initializing': conversion from 'size_t' to 'int', possible loss of data
C:\Users\kyeou\AndroidStudioProjects\ExpenseTracker\app\src\main\cpp\headers\pdf\pdf.cpp(176,4): warning C4267: 'initializing': conversion from 'size_t' to 'int', possible loss of data
C:\Users\kyeou\AndroidStudioProjects\ExpenseTracker\app\src\main\cpp\headers\pdf\pdf.cpp(186,4): warning C4267: 'initializing': conversion from 'size_t' to 'int', possible loss of data
C:\Users\kyeou\AndroidStudioProjects\ExpenseTracker\app\src\main\cpp\headers\pdf\pdf.cpp(254,41): warning C4267: 'argument': conversion from 'size_t' to '_Ty', possible loss of data
          with
          [
              _Ty=int
          ]
C:\Users\kyeou\AndroidStudioProjects\ExpenseTracker\app\src\main\cpp\headers\pdf\pdf.cpp(269,34): warning C4267: 'initializing': conversion from 'size_t' to 'int', possible loss of data
C:\Users\kyeou\AndroidStudioProjects\ExpenseTracker\app\src\main\cpp\headers\pdf\pdf.cpp(273,41): warning C4267: 'argument': conversion from 'size_t' to '_Ty', possible loss of data
          with
          [
              _Ty=int
          ]
C:\Users\kyeou\AndroidStudioProjects\ExpenseTracker\app\src\main\cpp\headers\pdf\pdf.cpp(276,46): warning C4267: 'initializing': conversion from 'size_t' to 'int', possible loss of data
C:\Users\kyeou\AndroidStudioProjects\ExpenseTracker\app\src\main\cpp\headers\pdf\pdf.cpp(277,68): warning C4267: 'initializing': conversion from 'size_t' to 'int', possible loss of data
C:\Users\kyeou\AndroidStudioProjects\ExpenseTracker\app\src\main\cpp\headers\pdf\pdf.cpp(328,38): warning C4267: 'argument': conversion from 'size_t' to '_Ty', possible loss of data
          with
          [
              _Ty=int
          ]
C:\Users\kyeou\AndroidStudioProjects\ExpenseTracker\app\src\main\cpp\headers\pdf\pdf.cpp(360,38): warning C4267: 'argument': conversion from 'size_t' to '_Ty', possible loss of data
          with
          [
              _Ty=int
          ]
C:\Users\kyeou\AndroidStudioProjects\ExpenseTracker\app\src\main\cpp\headers\pdf\pdf.cpp(376,4): warning C4267: 'initializing': conversion from 'size_t' to 'int', possible loss of data
C:\Users\kyeou\AndroidStudioProjects\ExpenseTracker\app\src\main\cpp\headers\pdf\pdf.cpp(387,38): warning C4267: 'argument': conversion from 'size_t' to '_Ty', possible loss of data
          with
          [
              _Ty=int
          ]
C:\Users\kyeou\AndroidStudioProjects\ExpenseTracker\app\src\main\cpp\headers\pdf\pdf.cpp(399,4): warning C4267: 'initializing': conversion from 'size_t' to 'int', possible loss of data
C:\Users\kyeou\AndroidStudioProjects\ExpenseTracker\app\src\main\cpp\headers\pdf\pdf.cpp(409,4): warning C4267: 'initializing': conversion from 'size_t' to 'int', possible loss of data
C:\Users\kyeou\AndroidStudioProjects\ExpenseTracker\app\src\main\cpp\headers\pdf\pdf.cpp(411,41): warning C4267: 'argument': conversion from 'size_t' to '_Ty', possible loss of data
          with
          [
              _Ty=int
          ]
C:\Users\kyeou\AndroidStudioProjects\ExpenseTracker\app\src\main\cpp\headers\pdf\pdf.cpp(427,50): warning C4267: 'initializing': conversion from 'size_t' to 'int', possible loss of data
C:\Users\kyeou\AndroidStudioProjects\ExpenseTracker\app\src\main\cpp\headers\pdf\pdf.cpp(429,4): warning C4267: 'initializing': conversion from 'size_t' to 'int', possible loss of data
C:\Users\kyeou\AndroidStudioProjects\ExpenseTracker\app\src\main\cpp\headers\pdf\pdf.cpp(434,39): warning C4267: 'initializing': conversion from 'size_t' to 'int', possible loss of data
C:\Users\kyeou\AndroidStudioProjects\ExpenseTracker\app\src\main\cpp\headers\pdf\pdf.cpp(436,41): warning C4267: 'argument': conversion from 'size_t' to '_Ty', possible loss of data
          with
          [
              _Ty=int
          ]
C:\Users\kyeou\AndroidStudioProjects\ExpenseTracker\app\src\main\cpp\headers\pdf\pdf.cpp(450,37): warning C4267: 'initializing': conversion from 'size_t' to 'int', possible loss of data
C:\Users\kyeou\AndroidStudioProjects\ExpenseTracker\app\src\main\cpp\headers\pdf\pdf.cpp(451,41): warning C4267: 'initializing': conversion from 'size_t' to 'int', possible loss of data
C:\Users\kyeou\AndroidStudioProjects\ExpenseTracker\app\src\main\cpp\headers\pdf\pdf.cpp(459,4): warning C4267: 'initializing': conversion from 'size_t' to 'int', possible loss of data
C:\Users\kyeou\AndroidStudioProjects\ExpenseTracker\app\src\main\cpp\headers\pdf\pdf.cpp(465,7): warning C4267: 'initializing': conversion from 'size_t' to 'int', possible loss of data
C:\Users\kyeou\AndroidStudioProjects\ExpenseTracker\app\src\main\cpp\headers\pdf\pdf.cpp(504,45): warning C4267: 'argument': conversion from 'size_t' to 'int', possible loss of data
C:\Users\kyeou\AndroidStudioProjects\ExpenseTracker\app\src\main\cpp\headers\pdf\pdf.cpp(510,32): warning C4267: 'initializing': conversion from 'size_t' to 'int', possible loss of data
C:\Users\kyeou\AndroidStudioProjects\ExpenseTracker\app\src\main\cpp\headers\pdf\pdf.cpp(511,55): warning C4267: 'initializing': conversion from 'size_t' to 'int', possible loss of data
C:\Users\kyeou\AndroidStudioProjects\ExpenseTracker\app\src\main\cpp\headers\pdf\pdf.cpp(568,7): warning C4267: 'initializing': conversion from 'size_t' to 'int', possible loss of data
C:\Users\kyeou\AndroidStudioProjects\ExpenseTracker\app\src\main\cpp\headers\pdf\pdf.cpp(608,4): warning C4267: 'initializing': conversion from 'size_t' to 'int', possible loss of data
C:\Users\kyeou\AndroidStudioProjects\ExpenseTracker\app\src\main\cpp\headers\pdf\pdf.cpp(641,4): warning C4267: 'initializing': conversion from 'size_t' to 'int', possible loss of data
C:\Users\kyeou\AndroidStudioProjects\ExpenseTracker\app\src\main\cpp\headers\pdf\pdf.cpp(680,4): warning C4267: 'initializing': conversion from 'size_t' to 'int', possible loss of data
C:\Users\kyeou\AndroidStudioProjects\ExpenseTracker\app\src\main\cpp\headers\pdf\pdf.cpp(718,7): warning C4267: 'initializing': conversion from 'size_t' to 'int', possible loss of data
C:\Users\kyeou\AndroidStudioProjects\ExpenseTracker\app\src\main\cpp\headers\pdf\pdf.cpp(732,13): warning C4267: 'initializing': conversion from 'size_t' to 'int', possible loss of data
C:\Users\kyeou\AndroidStudioProjects\ExpenseTracker\app\src\main\cpp\headers\pdf\pdf.cpp(738,42): warning C4267: 'initializing': conversion from 'size_t' to 'int', possible loss of data
C:\Users\kyeou\AndroidStudioProjects\ExpenseTracker\app\src\main\cpp\headers\pdf\pdf.cpp(807,4): warning C4267: 'initializing': conversion from 'size_t' to 'int', possible loss of data
  Generating Code...
  pdf_shit.vcxproj -> C:\Users\kyeou\AndroidStudioProjects\ExpenseTracker\app\src\main\cpp\headers\pdf\build\Debug\pdf_shit.exe
